[debug] [2024-03-18T22:20:16.736Z] ----------------------------------------------------------------------
[debug] [2024-03-18T22:20:16.740Z] Command:       C:\Program Files\nodejs\node.exe C:\Users\User\AppData\Roaming\npm\node_modules\firebase-tools\lib\bin\firebase.js init
[debug] [2024-03-18T22:20:16.741Z] CLI Version:   13.4.0
[debug] [2024-03-18T22:20:16.741Z] Platform:      win32
[debug] [2024-03-18T22:20:16.742Z] Node Version:  v20.10.0
[debug] [2024-03-18T22:20:16.742Z] Time:          Mon Mar 18 2024 23:20:16 GMT+0100 (Central European Standard Time)
[debug] [2024-03-18T22:20:16.742Z] ----------------------------------------------------------------------
[debug] 
[debug] [2024-03-18T22:20:16.747Z] >>> [apiv2][query] GET https://firebase-public.firebaseio.com/cli.json [none]
[debug] [2024-03-18T22:20:16.821Z] > command requires scopes: ["email","openid","https://www.googleapis.com/auth/cloudplatformprojects.readonly","https://www.googleapis.com/auth/firebase","https://www.googleapis.com/auth/cloud-platform"]
[debug] [2024-03-18T22:20:16.822Z] > authorizing via signed-in user (helmar81@gmail.com)
[info] 
     ######## #### ########  ######## ########     ###     ######  ########
     ##        ##  ##     ## ##       ##     ##  ##   ##  ##       ##
     ######    ##  ########  ######   ########  #########  ######  ######
     ##        ##  ##    ##  ##       ##     ## ##     ##       ## ##
     ##       #### ##     ## ######## ########  ##     ##  ######  ########

You're about to initialize a Firebase project in this directory:

  C:\Users\User\amplify-nextjs-starter-app

[debug] [2024-03-18T22:20:17.541Z] <<< [apiv2][status] GET https://firebase-public.firebaseio.com/cli.json 200
[debug] [2024-03-18T22:20:17.542Z] <<< [apiv2][body] GET https://firebase-public.firebaseio.com/cli.json {"cloudBuildErrorAfter":1594252800000,"cloudBuildWarnAfter":1590019200000,"defaultNode10After":1594252800000,"minVersion":"3.0.5","node8DeploysDisabledAfter":1613390400000,"node8RuntimeDisabledAfter":1615809600000,"node8WarnAfter":1600128000000}
